0 info it worked if it ends with ok
1 verbose cli [ 'D:\\nodestuff\\node.exe',
1 verbose cli   'D:\\nodestuff\\node_modules\\npm\\bin\\npm-cli.js',
1 verbose cli   '--prefix',
1 verbose cli   '$RESOURCE_DIR',
1 verbose cli   'run',
1 verbose cli   'lint' ]
2 info using npm@3.10.10
3 info using node@v6.10.2
4 verbose stack Error: ENOENT: no such file or directory, open 'D:\Documents\GitHub\4kompet\$RESOURCE_DIR\package.json'
4 verbose stack     at Error (native)
5 verbose cwd D:\Documents\GitHub\4kompet
6 error Windows_NT 10.0.16299
7 error argv "D:\\nodestuff\\node.exe" "D:\\nodestuff\\node_modules\\npm\\bin\\npm-cli.js" "--prefix" "$RESOURCE_DIR" "run" "lint"
8 error node v6.10.2
9 error npm  v3.10.10
10 error path D:\Documents\GitHub\4kompet\$RESOURCE_DIR\package.json
11 error code ENOENT
12 error errno -4058
13 error syscall open
14 error enoent ENOENT: no such file or directory, open 'D:\Documents\GitHub\4kompet\$RESOURCE_DIR\package.json'
15 error enoent ENOENT: no such file or directory, open 'D:\Documents\GitHub\4kompet\$RESOURCE_DIR\package.json'
15 error enoent This is most likely not a problem with npm itself
15 error enoent and is related to npm not being able to find a file.
16 verbose exit [ -4058, true ]
